0 info it worked if it ends with ok
1 verbose cli [ '/usr/local/bin/node',
1 verbose cli   '/usr/local/bin/npm',
1 verbose cli   'install',
1 verbose cli   'rimraf',
1 verbose cli   '-g' ]
2 info using npm@2.15.8
3 info using node@v4.4.7
4 verbose install initial load of /usr/local/lib/package.json
5 verbose readDependencies loading dependencies from /usr/local/lib/package.json
6 silly cache add args [ 'rimraf', null ]
7 verbose cache add spec rimraf
8 silly cache add parsed spec Result {
8 silly cache add   raw: 'rimraf',
8 silly cache add   scope: null,
8 silly cache add   name: 'rimraf',
8 silly cache add   rawSpec: '',
8 silly cache add   spec: 'latest',
8 silly cache add   type: 'tag' }
9 silly addNamed rimraf@latest
10 verbose addNamed "latest" is being treated as a dist-tag for rimraf
11 info addNameTag [ 'rimraf', 'latest' ]
12 silly mapToRegistry name rimraf
13 silly mapToRegistry using default registry
14 silly mapToRegistry registry https://registry.npmjs.org/
15 silly mapToRegistry data Result {
15 silly mapToRegistry   raw: 'rimraf',
15 silly mapToRegistry   scope: null,
15 silly mapToRegistry   name: 'rimraf',
15 silly mapToRegistry   rawSpec: '',
15 silly mapToRegistry   spec: 'latest',
15 silly mapToRegistry   type: 'tag' }
16 silly mapToRegistry uri https://registry.npmjs.org/rimraf
17 verbose addNameTag registry:https://registry.npmjs.org/rimraf not in flight; fetching
18 verbose request uri https://registry.npmjs.org/rimraf
19 verbose request no auth needed
20 info attempt registry request try #1 at 4:01:51 PM
21 verbose request id cc36edfc112ca78a
22 http request GET https://registry.npmjs.org/rimraf
23 http 200 https://registry.npmjs.org/rimraf
24 verbose headers { server: 'CouchDB/1.6.1 (Erlang OTP/R16B03)',
24 verbose headers   etag: '"CL3PF2LBAA6V5Q11Y8P4T7W08"',
24 verbose headers   'content-type': 'application/json',
24 verbose headers   'content-encoding': 'gzip',
24 verbose headers   'cache-control': 'max-age=300',
24 verbose headers   'content-length': '8717',
24 verbose headers   'accept-ranges': 'bytes',
24 verbose headers   date: 'Wed, 27 Jul 2016 21:01:53 GMT',
24 verbose headers   via: '1.1 varnish',
24 verbose headers   age: '25',
24 verbose headers   connection: 'keep-alive',
24 verbose headers   'x-served-by': 'cache-ord1725-ORD',
24 verbose headers   'x-cache': 'HIT',
24 verbose headers   'x-cache-hits': '3',
24 verbose headers   'x-timer': 'S1469653313.313015,VS0,VE0',
24 verbose headers   vary: 'Accept-Encoding' }
25 silly get cb [ 200,
25 silly get   { server: 'CouchDB/1.6.1 (Erlang OTP/R16B03)',
25 silly get     etag: '"CL3PF2LBAA6V5Q11Y8P4T7W08"',
25 silly get     'content-type': 'application/json',
25 silly get     'content-encoding': 'gzip',
25 silly get     'cache-control': 'max-age=300',
25 silly get     'content-length': '8717',
25 silly get     'accept-ranges': 'bytes',
25 silly get     date: 'Wed, 27 Jul 2016 21:01:53 GMT',
25 silly get     via: '1.1 varnish',
25 silly get     age: '25',
25 silly get     connection: 'keep-alive',
25 silly get     'x-served-by': 'cache-ord1725-ORD',
25 silly get     'x-cache': 'HIT',
25 silly get     'x-cache-hits': '3',
25 silly get     'x-timer': 'S1469653313.313015,VS0,VE0',
25 silly get     vary: 'Accept-Encoding' } ]
26 verbose get saving rimraf to /Users/nickphillips/.npm/registry.npmjs.org/rimraf/.cache.json
27 verbose correctMkdir /Users/nickphillips/.npm correctMkdir not in flight; initializing
28 silly addNameTag next cb for rimraf with tag latest
29 silly addNamed rimraf@2.5.4
30 verbose addNamed "2.5.4" is a plain semver version for rimraf
31 silly mapToRegistry name rimraf
32 silly mapToRegistry using default registry
33 silly mapToRegistry registry https://registry.npmjs.org/
34 silly mapToRegistry data Result {
34 silly mapToRegistry   raw: 'rimraf',
34 silly mapToRegistry   scope: null,
34 silly mapToRegistry   name: 'rimraf',
34 silly mapToRegistry   rawSpec: '',
34 silly mapToRegistry   spec: 'latest',
34 silly mapToRegistry   type: 'tag' }
35 silly mapToRegistry uri https://registry.npmjs.org/rimraf
36 verbose addRemoteTarball https://registry.npmjs.org/rimraf/-/rimraf-2.5.4.tgz not in flight; adding
37 verbose addRemoteTarball [ 'https://registry.npmjs.org/rimraf/-/rimraf-2.5.4.tgz',
37 verbose addRemoteTarball   '96800093cbf1a0c86bd95b4625467535c29dfa04' ]
38 info retry fetch attempt 1 at 4:01:53 PM
39 info attempt registry request try #1 at 4:01:53 PM
40 http fetch GET https://registry.npmjs.org/rimraf/-/rimraf-2.5.4.tgz
41 http fetch 200 https://registry.npmjs.org/rimraf/-/rimraf-2.5.4.tgz
42 silly fetchAndShaCheck shasum 96800093cbf1a0c86bd95b4625467535c29dfa04
43 verbose addTmpTarball /var/folders/f0/w5kpk1y57lzdn2my3ltsmqgw0000gn/T/npm-1461-c8dba7bd/registry.npmjs.org/rimraf/-/rimraf-2.5.4.tgz not in flight; adding
44 verbose addTmpTarball already have metadata; skipping unpack for rimraf@2.5.4
45 verbose correctMkdir /Users/nickphillips/.npm correctMkdir not in flight; initializing
46 silly cache afterAdd rimraf@2.5.4
47 verbose afterAdd /Users/nickphillips/.npm/rimraf/2.5.4/package/package.json not in flight; writing
48 verbose correctMkdir /Users/nickphillips/.npm correctMkdir not in flight; initializing
49 verbose afterAdd /Users/nickphillips/.npm/rimraf/2.5.4/package/package.json written
50 silly install resolved [ { name: 'rimraf',
50 silly install resolved     version: '2.5.4',
50 silly install resolved     main: 'rimraf.js',
50 silly install resolved     description: 'A deep deletion module for node (like `rm -rf`)',
50 silly install resolved     author:
50 silly install resolved      { name: 'Isaac Z. Schlueter',
50 silly install resolved        email: 'i@izs.me',
50 silly install resolved        url: 'http://blog.izs.me/' },
50 silly install resolved     license: 'ISC',
50 silly install resolved     repository: { type: 'git', url: 'git://github.com/isaacs/rimraf.git' },
50 silly install resolved     scripts: { test: 'tap test/*.js' },
50 silly install resolved     bin: { rimraf: './bin.js' },
50 silly install resolved     dependencies: { glob: '^7.0.5' },
50 silly install resolved     files: [ 'LICENSE', 'README.md', 'bin.js', 'rimraf.js' ],
50 silly install resolved     devDependencies: { mkdirp: '^0.5.1', tap: '^6.1.1' },
50 silly install resolved     gitHead: '2af08bbbd0a03549b278414309dc5d8097699443',
50 silly install resolved     bugs: { url: 'https://github.com/isaacs/rimraf/issues' },
50 silly install resolved     homepage: 'https://github.com/isaacs/rimraf#readme',
50 silly install resolved     _id: 'rimraf@2.5.4',
50 silly install resolved     _shasum: '96800093cbf1a0c86bd95b4625467535c29dfa04',
50 silly install resolved     _from: 'rimraf@latest',
50 silly install resolved     _npmVersion: '3.10.6',
50 silly install resolved     _nodeVersion: '4.4.4',
50 silly install resolved     _npmUser: { name: 'isaacs', email: 'i@izs.me' },
50 silly install resolved     dist:
50 silly install resolved      { shasum: '96800093cbf1a0c86bd95b4625467535c29dfa04',
50 silly install resolved        tarball: 'https://registry.npmjs.org/rimraf/-/rimraf-2.5.4.tgz' },
50 silly install resolved     maintainers: [ [Object] ],
50 silly install resolved     _npmOperationalInternal:
50 silly install resolved      { host: 'packages-16-east.internal.npmjs.com',
50 silly install resolved        tmp: 'tmp/rimraf-2.5.4.tgz_1469206941888_0.8645927573088557' },
50 silly install resolved     directories: {},
50 silly install resolved     _resolved: 'https://registry.npmjs.org/rimraf/-/rimraf-2.5.4.tgz' } ]
51 info install rimraf@2.5.4 into /usr/local/lib
52 info installOne rimraf@2.5.4
53 verbose installOne of rimraf to /usr/local/lib not in flight; installing
54 verbose correctMkdir /Users/nickphillips/.npm/_locks correctMkdir not in flight; initializing
55 verbose lock using /Users/nickphillips/.npm/_locks/rimraf-b73f95069093fa76.lock for /usr/local/lib/node_modules/rimraf
56 silly install write writing rimraf 2.5.4 to /usr/local/lib/node_modules/rimraf
57 verbose unbuild lib/node_modules/rimraf
58 silly gentlyRm /usr/local/lib/node_modules/rimraf is being purged from base /usr/local
59 verbose gentlyRm don't care about contents; nuking /usr/local/lib/node_modules/rimraf
60 verbose tar unpack /Users/nickphillips/.npm/rimraf/2.5.4/package.tgz
61 verbose tar unpacking to /usr/local/lib/node_modules/rimraf
62 silly gentlyRm /usr/local/lib/node_modules/rimraf is being purged
63 verbose gentlyRm don't care about contents; nuking /usr/local/lib/node_modules/rimraf
64 silly gunzTarPerm modes [ '755', '644' ]
65 error tar.unpack untar error /Users/nickphillips/.npm/rimraf/2.5.4/package.tgz
66 verbose unlock done using /Users/nickphillips/.npm/_locks/rimraf-b73f95069093fa76.lock for /usr/local/lib/node_modules/rimraf
67 verbose fstream_path /usr/local/lib/node_modules/rimraf
68 verbose fstream_type Directory
69 verbose fstream_class DirWriter
70 verbose stack Error: EACCES: permission denied, mkdir '/usr/local/lib/node_modules/rimraf'
70 verbose stack     at Error (native)
71 verbose fstream_stack /usr/local/lib/node_modules/npm/node_modules/fstream/lib/dir-writer.js:35:25
71 verbose fstream_stack /usr/local/lib/node_modules/npm/node_modules/mkdirp/index.js:47:53
71 verbose fstream_stack FSReqWrap.oncomplete (fs.js:82:15)
72 verbose cwd /Users/nickphillips/Desktop/JS4
73 error Darwin 15.6.0
74 error argv "/usr/local/bin/node" "/usr/local/bin/npm" "install" "rimraf" "-g"
75 error node v4.4.7
76 error npm  v2.15.8
77 error path /usr/local/lib/node_modules/rimraf
78 error code EACCES
79 error errno -13
80 error syscall mkdir
81 error Error: EACCES: permission denied, mkdir '/usr/local/lib/node_modules/rimraf'
81 error     at Error (native)
81 error  { [Error: EACCES: permission denied, mkdir '/usr/local/lib/node_modules/rimraf']
81 error   errno: -13,
81 error   code: 'EACCES',
81 error   syscall: 'mkdir',
81 error   path: '/usr/local/lib/node_modules/rimraf',
81 error   fstream_type: 'Directory',
81 error   fstream_path: '/usr/local/lib/node_modules/rimraf',
81 error   fstream_class: 'DirWriter',
81 error   fstream_stack:
81 error    [ '/usr/local/lib/node_modules/npm/node_modules/fstream/lib/dir-writer.js:35:25',
81 error      '/usr/local/lib/node_modules/npm/node_modules/mkdirp/index.js:47:53',
81 error      'FSReqWrap.oncomplete (fs.js:82:15)' ] }
82 error Please try running this command again as root/Administrator.
83 verbose exit [ -13, true ]
84 verbose unbuild lib/node_modules/rimraf
85 silly gentlyRm /usr/local/lib/node_modules/rimraf is being purged from base /usr/local
86 verbose gentlyRm don't care about contents; nuking /usr/local/lib/node_modules/rimraf
